<?xml version="1.0" encoding="UTF-8"?>
<testsuite name="com.company.birthdayprob.logic.LogicUnitTests" tests="2" skipped="0" failures="0" errors="0" timestamp="2024-02-21T10:26:42" hostname="DESKTOP-D7L2KPK" time="17.654">
  <properties/>
  <testcase name="testResultRange" classname="com.company.birthdayprob.logic.LogicUnitTests" time="17.588"/>
  <testcase name="testCalculateThreshold" classname="com.company.birthdayprob.logic.LogicUnitTests" time="0.066"/>
  <system-out><![CDATA[]]></system-out>
  <system-err><![CDATA[]]></system-err>
</testsuite>
